<?xml version="1.0" encoding="UTF-8"?>
<testng-results ignored="0" total="1" passed="1" failed="0" skipped="0">
  <reporter-output>
  </reporter-output>
  <suite started-at="2023-04-06T13:32:04 IST" name="Default suite" finished-at="2023-04-06T13:32:04 IST" duration-ms="48">
    <groups>
    </groups>
    <test started-at="2023-04-06T13:32:04 IST" name="Default test" finished-at="2023-04-06T13:32:04 IST" duration-ms="48">
      <class name="Practice.Ex1">
        <test-method signature="test()[pri:0, instance:Practice.Ex1@14555e0a]" started-at="2023-04-06T13:32:04 IST" name="test" finished-at="2023-04-06T13:32:04 IST" duration-ms="13" status="PASS">
          <reporter-output>
          </reporter-output>
        </test-method> <!-- test -->
      </class> <!-- Practice.Ex1 -->
    </test> <!-- Default test -->
  </suite> <!-- Default suite -->
</testng-results>
